Using pre-set license
Built from '2021.1/staging' branch; Version is '2021.1.7f1 (d91830b65d9b) revision 14227504'; Using compiler version '192528614'; Build Type 'Release'
OS: 'Windows 10 Education; OS build 19043.1165; Version 2009; 64bit' Language: 'en' Physical Memory: 16247 MB
BatchMode: 1, IsHumanControllingUs: 0, StartBugReporterOnCrash: 0, Is64bit: 1, IsPro: 0

 COMMAND LINE ARGUMENTS:
C:\Program Files\Unity 2021.1.7f1\Editor\Unity.exe
-adb2
-batchMode
-noUpm
-name
AssetImportWorker0
-projectPath
C:/Users/bj.wz/Documents/Space_Shooter_Crue
-logFile
Logs/AssetImportWorker0.log
-srvPort
61942
Successfully changed project path to: C:/Users/bj.wz/Documents/Space_Shooter_Crue
C:/Users/bj.wz/Documents/Space_Shooter_Crue
Using Asset Import Pipeline V2.
Refreshing native plugins compatible for Editor in 66.99 ms, found 1 plugins.
Preloading 0 native plugins for Editor in 0.00 ms.
Initialize engine version: 2021.1.7f1 (d91830b65d9b)
[Subsystems] Discovering subsystems at path C:/Program Files/Unity 2021.1.7f1/Editor/Data/Resources/UnitySubsystems
[Subsystems] Discovering subsystems at path C:/Users/bj.wz/Documents/Space_Shooter_Crue/Assets
GfxDevice: creating device client; threaded=0; jobified=0
Direct3D:
    Version:  Direct3D 11.0 [level 11.1]
    Renderer: AMD Radeon R7 450 (ID=0x682b)
    Vendor:   ATI
    VRAM:     4076 MB
    Driver:   24.20.11020.3002
Initialize mono
Mono path[0] = 'C:/Program Files/Unity 2021.1.7f1/Editor/Data/Managed'
Mono path[1] = 'C:/Program Files/Unity 2021.1.7f1/Editor/Data/MonoBleedingEdge/lib/mono/unityjit'
Mono config path = 'C:/Program Files/Unity 2021.1.7f1/Editor/Data/MonoBleedingEdge/etc'
Using monoOptions --debugger-agent=transport=dt_socket,embedding=1,server=y,suspend=n,address=127.0.0.1:56132
Begin MonoManager ReloadAssembly
Registering precompiled unity dll's ...
Register platform support module: C:/Program Files/Unity 2021.1.7f1/Editor/Data/PlaybackEngines/WebGLSupport/UnityEditor.WebGL.Extensions.dll
Register platform support module: C:/Program Files/Unity 2021.1.7f1/Editor/Data/PlaybackEngines/WindowsStandaloneSupport/UnityEditor.WindowsStandalone.Extensions.dll
Registered in 0.001945 seconds.
Native extension for WindowsStandalone target not found
Native extension for WebGL target not found
Refreshing native plugins compatible for Editor in 76.15 ms, found 1 plugins.
Preloading 0 native plugins for Editor in 0.00 ms.
Mono: successfully reloaded assembly
- Completed reload, in  1.342 seconds
Platform modules already initialized, skipping
Registering precompiled user dll's ...
Registered in 0.002229 seconds.
Begin MonoManager ReloadAssembly
Symbol file LoadedFromMemory doesn't match image C:\Users\bj.wz\Documents\Space_Shooter_Crue\Library\PackageCache\com.unity.visualscripting@1.6.1\Editor\VisualScripting.Core\Dependencies\YamlDotNet\Unity.VisualScripting.YamlDotNet.dll
Symbol file LoadedFromMemory doesn't match image C:\Users\bj.wz\Documents\Space_Shooter_Crue\Library\PackageCache\com.unity.visualscripting@1.6.1\Editor\VisualScripting.Core\Dependencies\DotNetZip\Unity.VisualScripting.IonicZip.dll
Native extension for WindowsStandalone target not found
Native extension for WebGL target not found
Refreshing native plugins compatible for Editor in 0.44 ms, found 1 plugins.
Preloading 0 native plugins for Editor in 0.00 ms.
Mono: successfully reloaded assembly
- Completed reload, in  0.969 seconds
Platform modules already initialized, skipping
========================================================================
Worker process is ready to serve import requests
Launched and connected shader compiler UnityShaderCompiler.exe after 0.04 seconds
Refreshing native plugins compatible for Editor in 0.44 ms, found 1 plugins.
Preloading 0 native plugins for Editor in 0.00 ms.
Unloading 2670 Unused Serialized files (Serialized files now loaded: 0)
System memory in use before: 98.3 MB.
System memory in use after: 98.4 MB.

Unloading 14 unused Assets to reduce memory usage. Loaded Objects now: 3123.
Total: 1.871100 ms (FindLiveObjects: 0.215600 ms CreateObjectMapping: 0.148000 ms MarkObjects: 1.443100 ms  DeleteObjects: 0.063300 ms)

========================================================================
Received Import Request.
  path: Assets/Scripts/SpawnManager.cs
  artifactKey: Guid(c36767331aa16044ab187e63489f6c71) Importer(815301076,1909f56bfc062723c751e8b465ee728b)
Start importing Assets/Scripts/SpawnManager.cs using Guid(c36767331aa16044ab187e63489f6c71) Importer(815301076,1909f56bfc062723c751e8b465ee728b)  -> (artifact id: '4ec4483da37478f3ab66a8b00a7ff1dc') in 0.035393 seconds 
========================================================================
Received Import Request.
  Time since last request: 136.758236 seconds.
  path: Assets/Scripts/SpawnManager.cs
  artifactKey: Guid(c36767331aa16044ab187e63489f6c71) Importer(815301076,1909f56bfc062723c751e8b465ee728b)
Start importing Assets/Scripts/SpawnManager.cs using Guid(c36767331aa16044ab187e63489f6c71) Importer(815301076,1909f56bfc062723c751e8b465ee728b)  -> (artifact id: 'bac6cc74faa63019fcf17ee2d6f430bc') in 0.001973 seconds 
========================================================================
Received Prepare
Registering precompiled user dll's ...
Registered in 0.002169 seconds.
Begin MonoManager ReloadAssembly
Symbol file LoadedFromMemory doesn't match image C:\Users\bj.wz\Documents\Space_Shooter_Crue\Library\PackageCache\com.unity.visualscripting@1.6.1\Editor\VisualScripting.Core\Dependencies\YamlDotNet\Unity.VisualScripting.YamlDotNet.dll
Symbol file LoadedFromMemory doesn't match image C:\Users\bj.wz\Documents\Space_Shooter_Crue\Library\PackageCache\com.unity.visualscripting@1.6.1\Editor\VisualScripting.Core\Dependencies\DotNetZip\Unity.VisualScripting.IonicZip.dll
Native extension for WindowsStandalone target not found
Native extension for WebGL target not found
Refreshing native plugins compatible for Editor in 0.45 ms, found 1 plugins.
Preloading 0 native plugins for Editor in 0.00 ms.
Mono: successfully reloaded assembly
- Completed reload, in  0.866 seconds
Platform modules already initialized, skipping
Refreshing native plugins compatible for Editor in 0.53 ms, found 1 plugins.
Preloading 0 native plugins for Editor in 0.00 ms.
Unloading 2665 Unused Serialized files (Serialized files now loaded: 0)
System memory in use before: 98.2 MB.
System memory in use after: 98.4 MB.

Unloading 9 unused Assets to reduce memory usage. Loaded Objects now: 3126.
Total: 2.185700 ms (FindLiveObjects: 0.208500 ms CreateObjectMapping: 0.145500 ms MarkObjects: 1.782800 ms  DeleteObjects: 0.048000 ms)

========================================================================
Received Import Request.
  Time since last request: 319.332926 seconds.
  path: Assets/Scripts/SpawnManager.cs
  artifactKey: Guid(c36767331aa16044ab187e63489f6c71) Importer(815301076,1909f56bfc062723c751e8b465ee728b)
Start importing Assets/Scripts/SpawnManager.cs using Guid(c36767331aa16044ab187e63489f6c71) Importer(815301076,1909f56bfc062723c751e8b465ee728b)  -> (artifact id: '10b78c4c69312b8ce49c3151fc28d8eb') in 0.006762 seconds 
========================================================================
Received Import Request.
  Time since last request: 192.975315 seconds.
  path: Assets/Scripts/SpawnManager.cs
  artifactKey: Guid(c36767331aa16044ab187e63489f6c71) Importer(815301076,1909f56bfc062723c751e8b465ee728b)
Start importing Assets/Scripts/SpawnManager.cs using Guid(c36767331aa16044ab187e63489f6c71) Importer(815301076,1909f56bfc062723c751e8b465ee728b)  -> (artifact id: '05d5117a046041b5ea54847a7c3df571') in 0.002168 seconds 
========================================================================
Received Prepare
Registering precompiled user dll's ...
Registered in 0.002348 seconds.
Begin MonoManager ReloadAssembly
Symbol file LoadedFromMemory doesn't match image C:\Users\bj.wz\Documents\Space_Shooter_Crue\Library\PackageCache\com.unity.visualscripting@1.6.1\Editor\VisualScripting.Core\Dependencies\YamlDotNet\Unity.VisualScripting.YamlDotNet.dll
Symbol file LoadedFromMemory doesn't match image C:\Users\bj.wz\Documents\Space_Shooter_Crue\Library\PackageCache\com.unity.visualscripting@1.6.1\Editor\VisualScripting.Core\Dependencies\DotNetZip\Unity.VisualScripting.IonicZip.dll
Native extension for WindowsStandalone target not found
Native extension for WebGL target not found
Refreshing native plugins compatible for Editor in 0.47 ms, found 1 plugins.
Preloading 0 native plugins for Editor in 0.00 ms.
Mono: successfully reloaded assembly
- Completed reload, in  0.863 seconds
Platform modules already initialized, skipping
Refreshing native plugins compatible for Editor in 0.71 ms, found 1 plugins.
Preloading 0 native plugins for Editor in 0.00 ms.
Unloading 2665 Unused Serialized files (Serialized files now loaded: 0)
System memory in use before: 98.3 MB.
System memory in use after: 98.5 MB.

Unloading 9 unused Assets to reduce memory usage. Loaded Objects now: 3129.
Total: 2.308300 ms (FindLiveObjects: 0.265900 ms CreateObjectMapping: 0.206800 ms MarkObjects: 1.790300 ms  DeleteObjects: 0.044100 ms)

========================================================================
Received Import Request.
  Time since last request: 116.908444 seconds.
  path: Assets/Scripts/SpawnManager.cs
  artifactKey: Guid(c36767331aa16044ab187e63489f6c71) Importer(815301076,1909f56bfc062723c751e8b465ee728b)
Start importing Assets/Scripts/SpawnManager.cs using Guid(c36767331aa16044ab187e63489f6c71) Importer(815301076,1909f56bfc062723c751e8b465ee728b)  -> (artifact id: '70976691e2418e279bf81a27238ab63b') in 0.006710 seconds 
========================================================================
Received Prepare
Registering precompiled user dll's ...
Registered in 0.002217 seconds.
Begin MonoManager ReloadAssembly
Symbol file LoadedFromMemory doesn't match image C:\Users\bj.wz\Documents\Space_Shooter_Crue\Library\PackageCache\com.unity.visualscripting@1.6.1\Editor\VisualScripting.Core\Dependencies\YamlDotNet\Unity.VisualScripting.YamlDotNet.dll
Symbol file LoadedFromMemory doesn't match image C:\Users\bj.wz\Documents\Space_Shooter_Crue\Library\PackageCache\com.unity.visualscripting@1.6.1\Editor\VisualScripting.Core\Dependencies\DotNetZip\Unity.VisualScripting.IonicZip.dll
Native extension for WindowsStandalone target not found
Native extension for WebGL target not found
Refreshing native plugins compatible for Editor in 0.44 ms, found 1 plugins.
Preloading 0 native plugins for Editor in 0.00 ms.
Mono: successfully reloaded assembly
- Completed reload, in  0.775 seconds
Platform modules already initialized, skipping
Refreshing native plugins compatible for Editor in 0.43 ms, found 1 plugins.
Preloading 0 native plugins for Editor in 0.00 ms.
Unloading 2665 Unused Serialized files (Serialized files now loaded: 0)
System memory in use before: 98.3 MB.
System memory in use after: 98.5 MB.

Unloading 9 unused Assets to reduce memory usage. Loaded Objects now: 3132.
Total: 1.718600 ms (FindLiveObjects: 0.195900 ms CreateObjectMapping: 0.119100 ms MarkObjects: 1.363700 ms  DeleteObjects: 0.038900 ms)

========================================================================
Received Import Request.
  Time since last request: 762.347504 seconds.
  path: Assets/Prefabs/Laser.prefab
  artifactKey: Guid(c209ab5d15a7e7447bb9373ea11b1c8a) Importer(815301076,1909f56bfc062723c751e8b465ee728b)
Start importing Assets/Prefabs/Laser.prefab using Guid(c209ab5d15a7e7447bb9373ea11b1c8a) Importer(815301076,1909f56bfc062723c751e8b465ee728b)  -> (artifact id: '7b7ab3ae82fbf79549e0011089982d62') in 0.098700 seconds 
========================================================================
Received Prepare
Registering precompiled user dll's ...
Registered in 0.002587 seconds.
Begin MonoManager ReloadAssembly
Symbol file LoadedFromMemory doesn't match image C:\Users\bj.wz\Documents\Space_Shooter_Crue\Library\PackageCache\com.unity.visualscripting@1.6.1\Editor\VisualScripting.Core\Dependencies\YamlDotNet\Unity.VisualScripting.YamlDotNet.dll
Symbol file LoadedFromMemory doesn't match image C:\Users\bj.wz\Documents\Space_Shooter_Crue\Library\PackageCache\com.unity.visualscripting@1.6.1\Editor\VisualScripting.Core\Dependencies\DotNetZip\Unity.VisualScripting.IonicZip.dll
Native extension for WindowsStandalone target not found
Native extension for WebGL target not found
Refreshing native plugins compatible for Editor in 0.49 ms, found 1 plugins.
Preloading 0 native plugins for Editor in 0.00 ms.
Mono: successfully reloaded assembly
- Completed reload, in  0.822 seconds
Platform modules already initialized, skipping
Refreshing native plugins compatible for Editor in 0.43 ms, found 1 plugins.
Preloading 0 native plugins for Editor in 0.00 ms.
Unloading 2665 Unused Serialized files (Serialized files now loaded: 0)
System memory in use before: 102.0 MB.
System memory in use after: 102.2 MB.

Unloading 9 unused Assets to reduce memory usage. Loaded Objects now: 3143.
Total: 1.775100 ms (FindLiveObjects: 0.204800 ms CreateObjectMapping: 0.129300 ms MarkObjects: 1.401600 ms  DeleteObjects: 0.038400 ms)

========================================================================
Received Import Request.
  Time since last request: 5.124581 seconds.
  path: Assets/Prefabs/Laser.prefab
  artifactKey: Guid(c209ab5d15a7e7447bb9373ea11b1c8a) Importer(815301076,1909f56bfc062723c751e8b465ee728b)
Start importing Assets/Prefabs/Laser.prefab using Guid(c209ab5d15a7e7447bb9373ea11b1c8a) Importer(815301076,1909f56bfc062723c751e8b465ee728b)  -> (artifact id: '9bd8f85ecd34e01c55836bffb0d1298a') in 0.047343 seconds 
========================================================================
Received Prepare
Registering precompiled user dll's ...
Registered in 0.002412 seconds.
Begin MonoManager ReloadAssembly
Symbol file LoadedFromMemory doesn't match image C:\Users\bj.wz\Documents\Space_Shooter_Crue\Library\PackageCache\com.unity.visualscripting@1.6.1\Editor\VisualScripting.Core\Dependencies\YamlDotNet\Unity.VisualScripting.YamlDotNet.dll
Symbol file LoadedFromMemory doesn't match image C:\Users\bj.wz\Documents\Space_Shooter_Crue\Library\PackageCache\com.unity.visualscripting@1.6.1\Editor\VisualScripting.Core\Dependencies\DotNetZip\Unity.VisualScripting.IonicZip.dll
Native extension for WindowsStandalone target not found
Native extension for WebGL target not found
Refreshing native plugins compatible for Editor in 0.43 ms, found 1 plugins.
Preloading 0 native plugins for Editor in 0.00 ms.
Mono: successfully reloaded assembly
- Completed reload, in  0.806 seconds
Platform modules already initialized, skipping
Refreshing native plugins compatible for Editor in 0.45 ms, found 1 plugins.
Preloading 0 native plugins for Editor in 0.00 ms.
Unloading 2665 Unused Serialized files (Serialized files now loaded: 0)
System memory in use before: 102.1 MB.
System memory in use after: 102.3 MB.

Unloading 9 unused Assets to reduce memory usage. Loaded Objects now: 3147.
Total: 1.964600 ms (FindLiveObjects: 0.221000 ms CreateObjectMapping: 0.152700 ms MarkObjects: 1.550000 ms  DeleteObjects: 0.040200 ms)

========================================================================
Received Import Request.
  Time since last request: 91.816733 seconds.
  path: Assets/Prefabs/Enemy.prefab
  artifactKey: Guid(cce4d5c71e2ecae47a96db39c19ae528) Importer(815301076,1909f56bfc062723c751e8b465ee728b)
Start importing Assets/Prefabs/Enemy.prefab using Guid(cce4d5c71e2ecae47a96db39c19ae528) Importer(815301076,1909f56bfc062723c751e8b465ee728b)  -> (artifact id: '547df6b65d5eac728f7a2303c67592d6') in 0.080200 seconds 
========================================================================
Received Prepare
Registering precompiled user dll's ...
Registered in 0.002527 seconds.
Begin MonoManager ReloadAssembly
Symbol file LoadedFromMemory doesn't match image C:\Users\bj.wz\Documents\Space_Shooter_Crue\Library\PackageCache\com.unity.visualscripting@1.6.1\Editor\VisualScripting.Core\Dependencies\YamlDotNet\Unity.VisualScripting.YamlDotNet.dll
Symbol file LoadedFromMemory doesn't match image C:\Users\bj.wz\Documents\Space_Shooter_Crue\Library\PackageCache\com.unity.visualscripting@1.6.1\Editor\VisualScripting.Core\Dependencies\DotNetZip\Unity.VisualScripting.IonicZip.dll
Native extension for WindowsStandalone target not found
Native extension for WebGL target not found
Refreshing native plugins compatible for Editor in 0.49 ms, found 1 plugins.
Preloading 0 native plugins for Editor in 0.00 ms.
Mono: successfully reloaded assembly
- Completed reload, in  0.827 seconds
Platform modules already initialized, skipping
Refreshing native plugins compatible for Editor in 0.47 ms, found 1 plugins.
Preloading 0 native plugins for Editor in 0.00 ms.
Unloading 2665 Unused Serialized files (Serialized files now loaded: 0)
System memory in use before: 102.1 MB.
System memory in use after: 102.3 MB.

Unloading 9 unused Assets to reduce memory usage. Loaded Objects now: 3152.
Total: 2.019700 ms (FindLiveObjects: 0.240600 ms CreateObjectMapping: 0.130200 ms MarkObjects: 1.602800 ms  DeleteObjects: 0.044900 ms)

========================================================================
Received Prepare
Registering precompiled user dll's ...
Registered in 0.002207 seconds.
Begin MonoManager ReloadAssembly
Symbol file LoadedFromMemory doesn't match image C:\Users\bj.wz\Documents\Space_Shooter_Crue\Library\PackageCache\com.unity.visualscripting@1.6.1\Editor\VisualScripting.Core\Dependencies\YamlDotNet\Unity.VisualScripting.YamlDotNet.dll
Symbol file LoadedFromMemory doesn't match image C:\Users\bj.wz\Documents\Space_Shooter_Crue\Library\PackageCache\com.unity.visualscripting@1.6.1\Editor\VisualScripting.Core\Dependencies\DotNetZip\Unity.VisualScripting.IonicZip.dll
Native extension for WindowsStandalone target not found
Native extension for WebGL target not found
Refreshing native plugins compatible for Editor in 0.44 ms, found 1 plugins.
Preloading 0 native plugins for Editor in 0.00 ms.
Mono: successfully reloaded assembly
- Completed reload, in  0.782 seconds
Platform modules already initialized, skipping
Refreshing native plugins compatible for Editor in 0.42 ms, found 1 plugins.
Preloading 0 native plugins for Editor in 0.00 ms.
Unloading 2665 Unused Serialized files (Serialized files now loaded: 0)
System memory in use before: 102.1 MB.
System memory in use after: 102.3 MB.

Unloading 9 unused Assets to reduce memory usage. Loaded Objects now: 3155.
Total: 1.755400 ms (FindLiveObjects: 0.213000 ms CreateObjectMapping: 0.136400 ms MarkObjects: 1.363700 ms  DeleteObjects: 0.041300 ms)

========================================================================
Received Import Request.
  Time since last request: 1212.826652 seconds.
  path: Assets/2D Assets
  artifactKey: Guid(1030fa936c8de9c47b8285418597400c) Importer(815301076,1909f56bfc062723c751e8b465ee728b)
Start importing Assets/2D Assets using Guid(1030fa936c8de9c47b8285418597400c) Importer(815301076,1909f56bfc062723c751e8b465ee728b)  -> (artifact id: '0ad439047981c45fe7d8885171272d95') in 0.007359 seconds 
========================================================================
Received Import Request.
  Time since last request: 390.955840 seconds.
  path: ProjectSettings/TagManager.asset
  artifactKey: Guid(00000000000000003000000000000000) Importer(815301076,1909f56bfc062723c751e8b465ee728b)
Start importing ProjectSettings/TagManager.asset using Guid(00000000000000003000000000000000) Importer(815301076,1909f56bfc062723c751e8b465ee728b)  -> (artifact id: '17a366ac3773b0a3e65aabaeda819d57') in 0.011900 seconds 
========================================================================
Received Import Request.
  Time since last request: 430.112278 seconds.
  path: Assets/2D Assets/Sprites/Enemy_Explode_Sequence
  artifactKey: Guid(7844bed519209914f8b0762407fcd91a) Importer(815301076,1909f56bfc062723c751e8b465ee728b)
Start importing Assets/2D Assets/Sprites/Enemy_Explode_Sequence using Guid(7844bed519209914f8b0762407fcd91a) Importer(815301076,1909f56bfc062723c751e8b465ee728b)  -> (artifact id: 'f7547b9891bcde5bfab8a68d642e4828') in 0.002545 seconds 
========================================================================
Received Import Request.
  Time since last request: 1.404569 seconds.
  path: Assets/2D Assets/Sprites/Enemy_Explode_Sequence/EnemyTurnLeft0000_00000.png
  artifactKey: Guid(147bd8fc03b08cc40b7410a2bdf035b7) Importer(815301076,1909f56bfc062723c751e8b465ee728b)
Start importing Assets/2D Assets/Sprites/Enemy_Explode_Sequence/EnemyTurnLeft0000_00000.png using Guid(147bd8fc03b08cc40b7410a2bdf035b7) Importer(815301076,1909f56bfc062723c751e8b465ee728b)  -> (artifact id: '2009c2797d7c2fc74ffd2045d80335e1') in 0.148624 seconds 
========================================================================
Received Import Request.
  Time since last request: 91.000825 seconds.
  path: Assets/Prefabs/Laser.prefab
  artifactKey: Guid(c209ab5d15a7e7447bb9373ea11b1c8a) Importer(815301076,1909f56bfc062723c751e8b465ee728b)
Start importing Assets/Prefabs/Laser.prefab using Guid(c209ab5d15a7e7447bb9373ea11b1c8a) Importer(815301076,1909f56bfc062723c751e8b465ee728b)  -> (artifact id: '9e07e29a4c4b865feadcaa04f95183ca') in 0.012816 seconds 
========================================================================
Received Import Request.
  Time since last request: 34.113138 seconds.
  path: Assets/Prefabs/Laser.prefab
  artifactKey: Guid(c209ab5d15a7e7447bb9373ea11b1c8a) Importer(815301076,1909f56bfc062723c751e8b465ee728b)
Start importing Assets/Prefabs/Laser.prefab using Guid(c209ab5d15a7e7447bb9373ea11b1c8a) Importer(815301076,1909f56bfc062723c751e8b465ee728b)  -> (artifact id: '363a57c04c308f98015e83751e1a8c3e') in 0.021267 seconds 
========================================================================
Received Prepare
Registering precompiled user dll's ...
Registered in 0.002451 seconds.
Begin MonoManager ReloadAssembly
Symbol file LoadedFromMemory doesn't match image C:\Users\bj.wz\Documents\Space_Shooter_Crue\Library\PackageCache\com.unity.visualscripting@1.6.1\Editor\VisualScripting.Core\Dependencies\YamlDotNet\Unity.VisualScripting.YamlDotNet.dll
Symbol file LoadedFromMemory doesn't match image C:\Users\bj.wz\Documents\Space_Shooter_Crue\Library\PackageCache\com.unity.visualscripting@1.6.1\Editor\VisualScripting.Core\Dependencies\DotNetZip\Unity.VisualScripting.IonicZip.dll
Native extension for WindowsStandalone target not found
Native extension for WebGL target not found
Refreshing native plugins compatible for Editor in 0.59 ms, found 1 plugins.
Preloading 0 native plugins for Editor in 0.00 ms.
Mono: successfully reloaded assembly
- Completed reload, in  0.814 seconds
Platform modules already initialized, skipping
Refreshing native plugins compatible for Editor in 0.64 ms, found 1 plugins.
Preloading 0 native plugins for Editor in 0.00 ms.
Unloading 2669 Unused Serialized files (Serialized files now loaded: 0)
System memory in use before: 106.1 MB.
System memory in use after: 105.3 MB.

Unloading 13 unused Assets to reduce memory usage. Loaded Objects now: 3176.
Total: 2.856000 ms (FindLiveObjects: 0.667000 ms CreateObjectMapping: 0.220700 ms MarkObjects: 1.652900 ms  DeleteObjects: 0.311500 ms)

========================================================================
Received Prepare
Registering precompiled user dll's ...
Registered in 0.002331 seconds.
Begin MonoManager ReloadAssembly
Symbol file LoadedFromMemory doesn't match image C:\Users\bj.wz\Documents\Space_Shooter_Crue\Library\PackageCache\com.unity.visualscripting@1.6.1\Editor\VisualScripting.Core\Dependencies\YamlDotNet\Unity.VisualScripting.YamlDotNet.dll
Symbol file LoadedFromMemory doesn't match image C:\Users\bj.wz\Documents\Space_Shooter_Crue\Library\PackageCache\com.unity.visualscripting@1.6.1\Editor\VisualScripting.Core\Dependencies\DotNetZip\Unity.VisualScripting.IonicZip.dll
Native extension for WindowsStandalone target not found
Native extension for WebGL target not found
Refreshing native plugins compatible for Editor in 0.59 ms, found 1 plugins.
Preloading 0 native plugins for Editor in 0.00 ms.
Mono: successfully reloaded assembly
- Completed reload, in  0.792 seconds
Platform modules already initialized, skipping
Refreshing native plugins compatible for Editor in 0.56 ms, found 1 plugins.
Preloading 0 native plugins for Editor in 0.00 ms.
Unloading 2668 Unused Serialized files (Serialized files now loaded: 0)
System memory in use before: 106.1 MB.
System memory in use after: 105.2 MB.

Unloading 12 unused Assets to reduce memory usage. Loaded Objects now: 3179.
Total: 1.976700 ms (FindLiveObjects: 0.197900 ms CreateObjectMapping: 0.113600 ms MarkObjects: 1.387300 ms  DeleteObjects: 0.277000 ms)

AssetImportWorkerClient::OnTransportError - code=2 error=End of file
